<?xml version="1.0" encoding="UTF-8"?>
<!-- Generated by org.testng.reporters.JUnitXMLReporter -->
<testsuite ignored="4" hostname="Gateway-of-India" failures="5" tests="28" name="Test" time="0.677" errors="0" timestamp="2023-07-13T10:34:30 IST">
  <testcase classname="TestngScripts.CreateCustomer" name="modifyCustomer" time="0.02"/>
  <testcase classname="TestngScripts.CreateCustomer" name="editCustomer" time="0.01"/>
  <testcase classname="TestngScripts.CreateCustomer" name="createCustomer" time="0.003"/>
  <testcase classname="TestngScripts.CreateCustomer" name="createCustomer" time="0.01"/>
  <testcase classname="TestngScripts.CreateCustomer" name="createCustomer" time="0.003"/>
  <testcase classname="TestngScripts.CreateCustomer" name="createCustomer" time="0.008"/>
  <testcase classname="TestngScripts.CreateCustomer" name="createCustomer" time="0.011"/>
  <testcase classname="TestngScripts.Actress" name="modifyCustomer" time="0.014"/>
  <testcase classname="TestngScripts.Actress" name="editCustomer" time="0.005"/>
  <testcase classname="TestngScripts.Actress" name="createCustomer" time="0.007">
    <failure type="java.lang.AssertionError" message="null">
      <![CDATA[java.lang.AssertionError: null
at TestngScripts.Actress.createCustomer(Actress.java:10)
at java.base/java.util.ArrayList.forEach(ArrayList.java:1511)
... Removed 29 stack frames]]>
    </failure>
  </testcase> <!-- createCustomer -->
  <testcase classname="TestngScripts.Actress" name="createCustomer" time="0.003">
    <failure type="java.lang.AssertionError" message="null">
      <![CDATA[java.lang.AssertionError: null
at TestngScripts.Actress.createCustomer(Actress.java:10)
at java.base/java.util.ArrayList.forEach(ArrayList.java:1511)
... Removed 29 stack frames]]>
    </failure>
  </testcase> <!-- createCustomer -->
  <testcase classname="TestngScripts.Actress" name="createCustomer" time="0.01">
    <failure type="java.lang.AssertionError" message="null">
      <![CDATA[java.lang.AssertionError: null
at TestngScripts.Actress.createCustomer(Actress.java:10)
at java.base/java.util.ArrayList.forEach(ArrayList.java:1511)
... Removed 29 stack frames]]>
    </failure>
  </testcase> <!-- createCustomer -->
  <testcase classname="TestngScripts.Actress" name="createCustomer" time="0.008">
    <failure type="java.lang.AssertionError" message="null">
      <![CDATA[java.lang.AssertionError: null
at TestngScripts.Actress.createCustomer(Actress.java:10)
at java.base/java.util.ArrayList.forEach(ArrayList.java:1511)
... Removed 29 stack frames]]>
    </failure>
  </testcase> <!-- createCustomer -->
  <testcase classname="TestngScripts.Actress" name="createCustomer" time="0.016">
    <failure type="java.lang.AssertionError" message="null">
      <![CDATA[java.lang.AssertionError: null
at TestngScripts.Actress.createCustomer(Actress.java:10)
at java.base/java.util.ArrayList.forEach(ArrayList.java:1511)
... Removed 29 stack frames]]>
    </failure>
  </testcase> <!-- createCustomer -->
  <testcase classname="TestngScripts.Qtalk" name="modifyCustomer" time="0.017"/>
  <testcase classname="TestngScripts.Qtalk" name="editCustomer" time="0.013"/>
  <testcase classname="TestngScripts.Qtalk" name="createCustomer" time="0.003"/>
  <testcase classname="TestngScripts.Qtalk" name="createCustomer" time="0.009"/>
  <testcase classname="TestngScripts.Qtalk" name="createCustomer" time="0.002"/>
  <testcase classname="TestngScripts.Qtalk" name="createCustomer" time="0.004"/>
  <testcase classname="TestngScripts.Qtalk" name="createCustomer" time="0.019"/>
  <testcase classname="TestngScripts.Cricketer" name="modifyCustomer" time="0.015"/>
  <testcase classname="TestngScripts.Cricketer" name="editCustomer" time="0.004"/>
  <testcase classname="TestngScripts.Cricketer" name="createCustomer" time="0.011"/>
  <testcase classname="TestngScripts.Cricketer" name="createCustomer" time="0.007"/>
  <testcase classname="TestngScripts.Cricketer" name="createCustomer" time="0.003"/>
  <testcase classname="TestngScripts.Cricketer" name="createCustomer" time="0.002"/>
  <testcase classname="TestngScripts.Cricketer" name="createCustomer" time="0.006"/>
  <testcase classname="TestngScripts.Qtalk" name="deleteCustomer" time="0.0">
    <ignored/>
  </testcase> <!-- deleteCustomer -->
  <testcase classname="TestngScripts.CreateCustomer" name="deleteCustomer" time="0.0">
    <ignored/>
  </testcase> <!-- deleteCustomer -->
  <testcase classname="TestngScripts.Actress" name="deleteCustomer" time="0.0">
    <ignored/>
  </testcase> <!-- deleteCustomer -->
  <testcase classname="TestngScripts.Cricketer" name="deleteCustomer" time="0.0">
    <ignored/>
  </testcase> <!-- deleteCustomer -->
</testsuite> <!-- Test -->
